#
# A fatal error has been detected by the Java Runtime Environment:
#
#  Internal Error (0xe06d7363), pid=7592, tid=2244
#
# JRE version: 6.0_22-b04
# Java VM: Java HotSpot(TM) Client VM (17.1-b03 mixed mode windows-x86 )
# Problematic frame:
# C  [kernel32.dll+0x12afb]
#
# If you would like to submit a bug report, please visit:
#   http://java.sun.com/webapps/bugreport/crash.jsp
#

---------------  T H R E A D  ---------------

Current thread (0x4d6a1c00):  JavaThread "Thread-5" [_thread_in_vm, id=2244, stack(0x4d960000,0x4d9e0000)]

siginfo: ExceptionCode=0xe06d7363, ExceptionInformation=0x19930520 0x4d9df518 0x6daf0ab8 

Registers:
EAX=0x4d9df474, EBX=0x00000000, ECX=0x00000000, EDX=0x00006e6f
ESP=0x4d9df470, EBP=0x4d9df4c4, ESI=0x4d9df504, EDI=0x4d9df504
EIP=0x7c812afb, EFLAGS=0x00000206

Top of Stack: (sp=0x4d9df470)
0x4d9df470:   7c380edc e06d7363 00000001 00000000
0x4d9df480:   7c812afb 00000003 19930520 4d9df518
0x4d9df490:   6daf0ab8 7c91e920 7c9201e0 ffffffff
0x4d9df4a0:   7c9201db 7c3416b3 002b0000 00000000
0x4d9df4b0:   7c3416b8 6db1ed2c 4d9df518 00000000
0x4d9df4c0:   4d6a1c00 4d9df504 7c359aed e06d7363
0x4d9df4d0:   00000001 00000003 4d9df4f8 4d6a1c00
0x4d9df4e0:   6daf087c e06d7363 00000001 00000000 

Instructions: (pc=0x7c812afb)
0x7c812aeb:   8d 7d c4 f3 a5 5f 8d 45 b0 50 ff 15 10 15 80 7c
0x7c812afb:   5e c9 c2 10 00 85 ff 0f 8e 36 93 ff ff 8b 55 fc 


Stack: [0x4d960000,0x4d9e0000],  sp=0x4d9df470,  free space=1fd4d9defe0k
Native frames: (J=compiled Java code, j=interpreted, Vv=VM code, C=native code)
C  [kernel32.dll+0x12afb]
C  [msvcr71.dll+0x19aed]
V  [jvm.dll+0x204ec8]
V  [jvm.dll+0x204e17]
V  [jvm.dll+0x1c667e]
V  [jvm.dll+0x1c8b82]
V  [jvm.dll+0x1c8d9b]
V  [jvm.dll+0x1c8def]
V  [jvm.dll+0xe0baf]
V  [jvm.dll+0xe0a5a]
V  [jvm.dll+0xe213a]
V  [jvm.dll+0xe37e4]
V  [jvm.dll+0xe3bd2]
V  [jvm.dll+0x5a9db]
v  ~RuntimeStub::fast_new_instance_init_check Runtime1 stub
J  org.databene.contiperf.junit.JUnitInvoker.invoke([Ljava/lang/Object;)Ljava/lang/Object;
J  org.databene.contiperf.PerformanceTracker.invoke([Ljava/lang/Object;)Ljava/lang/Object;
J  org.databene.contiperf.TimedRunner.run()V
j  java.lang.Thread.run()V+11
v  ~StubRoutines::call_stub
V  [jvm.dll+0xf3a9c]
V  [jvm.dll+0x186591]
V  [jvm.dll+0xf3c67]
V  [jvm.dll+0xf3cdd]
V  [jvm.dll+0x11da00]
V  [jvm.dll+0x1e7004]
V  [jvm.dll+0x185f3c]
C  [msvcr71.dll+0x9565]
C  [kernel32.dll+0xb729]

Java frames: (J=compiled Java code, j=interpreted, Vv=VM code)
v  ~RuntimeStub::fast_new_instance_init_check Runtime1 stub
J  org.databene.contiperf.junit.JUnitInvoker.invoke([Ljava/lang/Object;)Ljava/lang/Object;
J  org.databene.contiperf.PerformanceTracker.invoke([Ljava/lang/Object;)Ljava/lang/Object;
J  org.databene.contiperf.TimedRunner.run()V
j  java.lang.Thread.run()V+11
v  ~StubRoutines::call_stub

---------------  P R O C E S S  ---------------

Java Threads: ( => current thread )
=>0x4d6a1c00 JavaThread "Thread-5" [_thread_in_vm, id=2244, stack(0x4d960000,0x4d9e0000)]
  0x4cce0c00 JavaThread "Low Memory Detector" daemon [_thread_blocked, id=12172, stack(0x4cff0000,0x4d070000)]
  0x4ccddc00 JavaThread "CompilerThread0" daemon [_thread_blocked, id=6668, stack(0x4cfa0000,0x4cff0000)]
  0x4ccd9000 JavaThread "Attach Listener" daemon [_thread_blocked, id=3244, stack(0x4cf20000,0x4cfa0000)]
  0x4ccd7c00 JavaThread "Signal Dispatcher" daemon [_thread_blocked, id=6524, stack(0x4cea0000,0x4cf20000)]
  0x4ccc8c00 JavaThread "Finalizer" daemon [_thread_blocked, id=5328, stack(0x4ce20000,0x4cea0000)]
  0x4ccc4000 JavaThread "Reference Handler" daemon [_thread_blocked, id=6232, stack(0x4cda0000,0x4ce20000)]
  0x002b7400 JavaThread "main" [_thread_blocked, id=11040, stack(0x008c0000,0x00940000)]

Other Threads:
  0x4ccc1800 VMThread [stack: 0x4cd50000,0x4cda0000] [id=1240]
  0x4cceb400 WatcherThread [stack: 0x4d070000,0x4d0c0000] [id=6672]

VM state:not at safepoint (normal execution)

VM Mutex/Monitor currently owned by a thread: None

Heap
 def new generation   total 39296K, used 10110K [0x029c0000, 0x05460000, 0x05460000)
  eden space 34944K,  22% used [0x029c0000, 0x0316ec28, 0x04be0000)
  from space 4352K,  51% used [0x04be0000, 0x04e10fa0, 0x05020000)
  to   space 4352K,   0% used [0x05020000, 0x05020000, 0x05460000)
 tenured generation   total 87424K, used 25148K [0x05460000, 0x0a9c0000, 0x0a9c0000)
   the space 87424K,  28% used [0x05460000, 0x06cef2a0, 0x06cef400, 0x0a9c0000)
 compacting perm gen  total 12288K, used 6760K [0x0a9c0000, 0x0b5c0000, 0x4a9c0000)
   the space 12288K,  55% used [0x0a9c0000, 0x0b05a078, 0x0b05a200, 0x0b5c0000)
No shared spaces configured.

Dynamic libraries:
0x00400000 - 0x00424000 	C:\Programmi\Java\jdk1.6.0_22\jre\bin\java.exe
0x7c910000 - 0x7c9c8000 	C:\WINDOWS\system32\ntdll.dll
0x7c800000 - 0x7c901000 	C:\WINDOWS\system32\kernel32.dll
0x77f40000 - 0x77feb000 	C:\WINDOWS\system32\ADVAPI32.dll
0x77da0000 - 0x77e33000 	C:\WINDOWS\system32\RPCRT4.dll
0x77f10000 - 0x77f21000 	C:\WINDOWS\system32\Secur32.dll
0x7c340000 - 0x7c396000 	C:\Programmi\Java\jdk1.6.0_22\jre\bin\msvcr71.dll
0x6d8a0000 - 0x6db47000 	C:\Programmi\Java\jdk1.6.0_22\jre\bin\client\jvm.dll
0x7e390000 - 0x7e421000 	C:\WINDOWS\system32\USER32.dll
0x77e40000 - 0x77e89000 	C:\WINDOWS\system32\GDI32.dll
0x76b00000 - 0x76b2e000 	C:\WINDOWS\system32\WINMM.dll
0x76340000 - 0x7635d000 	C:\WINDOWS\system32\IMM32.DLL
0x6d850000 - 0x6d85c000 	C:\Programmi\Java\jdk1.6.0_22\jre\bin\verify.dll
0x6d3d0000 - 0x6d3ef000 	C:\Programmi\Java\jdk1.6.0_22\jre\bin\java.dll
0x6d330000 - 0x6d338000 	C:\Programmi\Java\jdk1.6.0_22\jre\bin\hpi.dll
0x76bb0000 - 0x76bbb000 	C:\WINDOWS\system32\PSAPI.DLL
0x6d890000 - 0x6d89f000 	C:\Programmi\Java\jdk1.6.0_22\jre\bin\zip.dll
0x6d6b0000 - 0x6d6c3000 	C:\Programmi\Java\jdk1.6.0_22\jre\bin\net.dll
0x71a30000 - 0x71a47000 	C:\WINDOWS\system32\WS2_32.dll
0x77be0000 - 0x77c38000 	C:\WINDOWS\system32\msvcrt.dll
0x71a20000 - 0x71a28000 	C:\WINDOWS\system32\WS2HELP.dll
0x719d0000 - 0x71a10000 	C:\WINDOWS\System32\mswsock.dll
0x76ee0000 - 0x76f07000 	C:\WINDOWS\system32\DNSAPI.dll
0x76f70000 - 0x76f78000 	C:\WINDOWS\System32\winrnr.dll
0x76f20000 - 0x76f4d000 	C:\WINDOWS\system32\WLDAP32.dll
0x76f80000 - 0x76f86000 	C:\WINDOWS\system32\rasadhlp.dll

VM Arguments:
jvm_args: -Xms128m -Xmx128m -XX:MaxPermSize=1g -Xss512k -Dmb2use=300 -XX:MaxDirectMemorySize=1g 
java_command: org.apache.tools.ant.taskdefs.optional.junit.JUnitTestRunner org.directcache.test.PerformanceWithSmallBuffersTest filtertrace=true haltOnError=false haltOnFailure=false formatter=org.apache.tools.ant.taskdefs.optional.junit.OutErrSummaryJUnitResultFormatter showoutput=false outputtoformatters=true logfailedtests=true logtestlistenerevents=true formatter=org.apache.tools.ant.taskdefs.optional.junit.XMLJUnitResultFormatter,C:\Development\directcache\junit\TEST-org.directcache.test.PerformanceWithSmallBuffersTest.xml crashfile=C:\Development\directcache\junitvmwatcher3557874661919206101.properties propsfile=C:\Development\directcache\junit4146883808614713434.properties
Launcher Type: SUN_STANDARD

Environment Variables:
JAVA_HOME=C:\Programmi\Java\jdk1.6.0_22
CLASSPATH=C:\MyStuff\junitperf-1.9.1\lib\junitperf-1.9.1.jar
PATH=C:\Programmi\PC Connectivity Solution\;c:\mystuff\git\bin;C:\Programmi\Serena\Dimensions 10.1\CM\prog;C:\WINDOWS\system32;C:\WINDOWS;C:\Serena\CHANGE~1\DIMENS~1\9.1\PROG;C:\WINDOWS\System32\Wbem;C:\Programmi\Attachmate\E!E2K\;C:\IRN;C:\MQSeries\bin;C:\MyStuff\springsource\spring-roo-1.1.0.M3\bin;C:\MyStuff\springsource\maven-2.2.1.RELEASE\bin;C:\Programmi\Java\jdk1.6.0_22\bin;C:\Programmi\apache-ant-1.8.0\bin;C:\Programmi\TortoiseSVN\bin;C:\Programmi\IVT Corporation\BlueSoleil\Mobile;C:\Programmi\TortoiseGit\bin;C:\Programmi\GTK2-Runtime\bin;c:\mystuff\go\bin;C:\Programmi\scala\bin;C:\Programmi\File comuni\Nero\Lib\;C:\Programmi\File comuni\Nero\Lib\;C:\Programmi\File comuni\Nero\Lib\
USERNAME=oi43839
OS=Windows_NT
PROCESSOR_IDENTIFIER=x86 Family 6 Model 15 Stepping 13, GenuineIntel



---------------  S Y S T E M  ---------------

OS: Windows XP Build 2600 Service Pack 3

CPU:total 2 (2 cores per cpu, 1 threads per core) family 6 model 15 stepping 13, cmov, cx8, fxsr, mmx, sse, sse2, sse3, ssse3

Memory: 4k page, physical 2086956k(298176k free), swap 3490268k(1152436k free)

vm_info: Java HotSpot(TM) Client VM (17.1-b03) for windows-x86 JRE (1.6.0_22-b04), built on Sep 15 2010 00:56:36 by "java_re" with MS VC++ 7.1 (VS2003)

time: Mon Dec 13 00:07:09 2010
elapsed time: 4 seconds

